<?xml version="1.0" encoding="UTF-8"?>
<testsuite name="com.example.irem.examdates.ExampleUnitTest" tests="1" skipped="0" failures="0" errors="0" timestamp="2019-02-12T19:36:11" hostname="DESKTOP-BU80PG8" time="0.003">
  <properties/>
  <testcase name="addition_isCorrect" classname="com.example.irem.examdates.ExampleUnitTest" time="0.003"/>
  <system-out><![CDATA[]]></system-out>
  <system-err><![CDATA[]]></system-err>
</testsuite>
